2007.07.19 23:15 B K:\Chemistry practice questions online\chemistry\html\homework\.DS_Store --> henry.sandi.net /chemistry/html/homework .DS_Store
2007.07.19 23:15 B K:\Chemistry practice questions online\chemistry\html\homework\back.gif --> henry.sandi.net /chemistry/html/homework back.gif
2007.07.19 23:15 B K:\Chemistry practice questions online\chemistry\html\homework\blank.htm --> henry.sandi.net /chemistry/html/homework blank.htm
2007.07.19 23:15 B K:\Chemistry practice questions online\chemistry\html\homework\blank.html --> henry.sandi.net /chemistry/html/homework blank.html
2007.07.19 23:15 B K:\Chemistry practice questions online\chemistry\html\homework\documentation.html --> henry.sandi.net /chemistry/html/homework documentation.html
2007.07.19 23:16 B K:\Chemistry practice questions online\chemistry\html\homework\homework.tar --> henry.sandi.net /chemistry/html/homework homework.tar
2007.07.19 23:16 B K:\Chemistry practice questions online\chemistry\html\homework\hwacidsols.html --> henry.sandi.net /chemistry/html/homework hwacidsols.html
2007.07.19 23:16 B K:\Chemistry practice questions online\chemistry\html\homework\hwaddbinnums.html --> henry.sandi.net /chemistry/html/homework hwaddbinnums.html
2007.07.19 23:16 B K:\Chemistry practice questions online\chemistry\html\homework\hwarrhenius.html --> henry.sandi.net /chemistry/html/homework hwarrhenius.html
2007.07.19 23:16 B K:\Chemistry practice questions online\chemistry\html\homework\hwaskreducing.html --> henry.sandi.net /chemistry/html/homework hwaskreducing.html
2007.07.19 23:16 B K:\Chemistry practice questions online\chemistry\html\homework\hwatomsmoles.html --> henry.sandi.net /chemistry/html/homework hwatomsmoles.html
2007.07.19 23:16 B K:\Chemistry practice questions online\chemistry\html\homework\hwavogadroslaw.html --> henry.sandi.net /chemistry/html/homework hwavogadroslaw.html
2007.07.19 23:16 B K:\Chemistry practice questions online\chemistry\html\homework\hwbalanceredox.html --> henry.sandi.net /chemistry/html/homework hwbalanceredox.html
2007.07.19 23:16 B K:\Chemistry practice questions online\chemistry\html\homework\hwbalancerxns.html --> henry.sandi.net /chemistry/html/homework hwbalancerxns.html
2007.07.19 23:16 B K:\Chemistry practice questions online\chemistry\html\homework\hwbetterguess1wp.html --> henry.sandi.net /chemistry/html/homework hwbetterguess1wp.html
2007.07.19 23:16 B K:\Chemistry practice questions online\chemistry\html\homework\hwbetterguess1wp.htmlx --> henry.sandi.net /chemistry/html/homework hwbetterguess1wp.htmlx
2007.07.19 23:16 B K:\Chemistry practice questions online\chemistry\html\homework\hwbetterguess2wp.html --> henry.sandi.net /chemistry/html/homework hwbetterguess2wp.html
2007.07.19 23:16 B K:\Chemistry practice questions online\chemistry\html\homework\hwbinnums.html --> henry.sandi.net /chemistry/html/homework hwbinnums.html
2007.07.19 23:16 B K:\Chemistry practice questions online\chemistry\html\homework\hwbornhaber.html --> henry.sandi.net /chemistry/html/homework hwbornhaber.html
2007.07.19 23:16 B K:\Chemistry practice questions online\chemistry\html\homework\hwboyleslaw.html --> henry.sandi.net /chemistry/html/homework hwboyleslaw.html
2007.07.19 23:16 B K:\Chemistry practice questions online\chemistry\html\homework\hwbufferscomp.html --> henry.sandi.net /chemistry/html/homework hwbufferscomp.html
2007.07.19 23:16 B K:\Chemistry practice questions online\chemistry\html\homework\hwbuffersprops.html --> henry.sandi.net /chemistry/html/homework hwbuffersprops.html
2007.07.19 23:16 B K:\Chemistry practice questions online\chemistry\html\homework\hwcalck.html --> henry.sandi.net /chemistry/html/homework hwcalck.html
2007.07.19 23:16 B K:\Chemistry practice questions online\chemistry\html\homework\hwcharleslaw.html --> henry.sandi.net /chemistry/html/homework hwcharleslaw.html
